# JRE version: OpenJDK Runtime Environment Microsoft-40648 (11.0.16.1+1) (build 11.0.16.1+1-LTS)
# Java VM: OpenJDK 64-Bit Server VM Microsoft-40648 (11.0.16.1+1-LTS, mixed mode, tiered, compressed oops, g1 gc, windows-amd64)
Heap:
 garbage-first heap   total 254976K, used 63488K [0x0000000745800000, 0x0000000800000000)
  region size 1024K, 3 young (3072K), 3 survivors (3072K)
 Metaspace       used 16183K, capacity 16466K, committed 16640K, reserved 1064960K
  class space    used 1560K, capacity 1696K, committed 1792K, reserved 1048576K
GC Heap History (20 events):
Event: 1.653 GC heap after
{Heap after GC invocations=30 (full 0):
 garbage-first heap   total 27648K, used 18219K [0x0000000745800000, 0x0000000800000000)
  region size 1024K, 1 young (1024K), 1 survivors (1024K)
 Metaspace       used 13788K, capacity 14068K, committed 14336K, reserved 1062912K
  class space    used 1409K, capacity 1503K, committed 1536K, reserved 1048576K
}
Event: 1.665 GC heap before
{Heap before GC invocations=30 (full 0):
 garbage-first heap   total 27648K, used 19243K [0x0000000745800000, 0x0000000800000000)
  region size 1024K, 3 young (3072K), 1 survivors (1024K)
 Metaspace       used 13788K, capacity 14068K, committed 14336K, reserved 1062912K
  class space    used 1409K, capacity 1503K, committed 1536K, reserved 1048576K
}
Event: 1.667 GC heap after
{Heap after GC invocations=31 (full 0):
 garbage-first heap   total 27648K, used 18521K [0x0000000745800000, 0x0000000800000000)
  region size 1024K, 1 young (1024K), 1 survivors (1024K)
 Metaspace       used 13788K, capacity 14068K, committed 14336K, reserved 1062912K
  class space    used 1409K, capacity 1503K, committed 1536K, reserved 1048576K
}
Event: 1.682 GC heap before
{Heap before GC invocations=32 (full 0):
 garbage-first heap   total 27648K, used 20569K [0x0000000745800000, 0x0000000800000000)
  region size 1024K, 3 young (3072K), 1 survivors (1024K)
 Metaspace       used 13788K, capacity 14068K, committed 14336K, reserved 1062912K
  class space    used 1409K, capacity 1503K, committed 1536K, reserved 1048576K
}
Event: 1.684 GC heap after
{Heap after GC invocations=33 (full 0):
 garbage-first heap   total 55296K, used 18564K [0x0000000745800000, 0x0000000800000000)
  region size 1024K, 1 young (1024K), 1 survivors (1024K)
 Metaspace       used 13788K, capacity 14068K, committed 14336K, reserved 1062912K
  class space    used 1409K, capacity 1503K, committed 1536K, reserved 1048576K
}
Event: 1.716 GC heap before
{Heap before GC invocations=33 (full 0):
 garbage-first heap   total 55296K, used 27780K [0x0000000745800000, 0x0000000800000000)
  region size 1024K, 6 young (6144K), 1 survivors (1024K)
 Metaspace       used 13788K, capacity 14068K, committed 14336K, reserved 1062912K
  class space    used 1409K, capacity 1503K, committed 1536K, reserved 1048576K
}
Event: 1.717 GC heap after
{Heap after GC invocations=34 (full 0):
 garbage-first heap   total 55296K, used 23973K [0x0000000745800000, 0x0000000800000000)
  region size 1024K, 1 young (1024K), 1 survivors (1024K)
 Metaspace       used 13788K, capacity 14068K, committed 14336K, reserved 1062912K
  class space    used 1409K, capacity 1503K, committed 1536K, reserved 1048576K
}
Event: 1.737 GC heap before
{Heap before GC invocations=35 (full 0):
 garbage-first heap   total 55296K, used 33189K [0x0000000745800000, 0x0000000800000000)
  region size 1024K, 2 young (2048K), 1 survivors (1024K)
 Metaspace       used 13788K, capacity 14068K, committed 14336K, reserved 1062912K
  class space    used 1409K, capacity 1503K, committed 1536K, reserved 1048576K
}
Event: 1.739 GC heap after
{Heap after GC invocations=36 (full 0):
 garbage-first heap   total 55296K, used 19040K [0x0000000745800000, 0x0000000800000000)
  region size 1024K, 1 young (1024K), 1 survivors (1024K)
 Metaspace       used 13788K, capacity 14068K, committed 14336K, reserved 1062912K
  class space    used 1409K, capacity 1503K, committed 1536K, reserved 1048576K
}
Event: 1.898 GC heap before
{Heap before GC invocations=37 (full 0):
 garbage-first heap   total 55296K, used 35424K [0x0000000745800000, 0x0000000800000000)
  region size 1024K, 13 young (13312K), 1 survivors (1024K)
 Metaspace       used 13884K, capacity 14197K, committed 14336K, reserved 1062912K
  class space    used 1409K, capacity 1503K, committed 1536K, reserved 1048576K
}
Event: 1.902 GC heap after
{Heap after GC invocations=38 (full 0):
 garbage-first heap   total 55296K, used 23974K [0x0000000745800000, 0x0000000800000000)
  region size 1024K, 2 young (2048K), 2 survivors (2048K)
 Metaspace       used 13884K, capacity 14197K, committed 14336K, reserved 1062912K
  class space    used 1409K, capacity 1503K, committed 1536K, reserved 1048576K
}
Event: 2.124 GC heap before
{Heap before GC invocations=38 (full 0):
 garbage-first heap   total 55296K, used 35238K [0x0000000745800000, 0x0000000800000000)
  region size 1024K, 12 young (12288K), 2 survivors (2048K)
 Metaspace       used 14890K, capacity 15205K, committed 15488K, reserved 1062912K
  class space    used 1491K, capacity 1604K, committed 1664K, reserved 1048576K
}
Event: 2.133 GC heap after
{Heap after GC invocations=39 (full 0):
 garbage-first heap   total 110592K, used 30419K [0x0000000745800000, 0x0000000800000000)
  region size 1024K, 2 young (2048K), 2 survivors (2048K)
 Metaspace       used 14890K, capacity 15205K, committed 15488K, reserved 1062912K
  class space    used 1491K, capacity 1604K, committed 1664K, reserved 1048576K
}
Event: 2.547 GC heap before
{Heap before GC invocations=39 (full 0):
 garbage-first heap   total 110592K, used 56019K [0x0000000745800000, 0x0000000800000000)
  region size 1024K, 26 young (26624K), 2 survivors (2048K)
 Metaspace       used 15809K, capacity 16180K, committed 16384K, reserved 1064960K
  class space    used 1553K, capacity 1692K, committed 1792K, reserved 1048576K
}
Event: 2.560 GC heap after
{Heap after GC invocations=40 (full 0):
 garbage-first heap   total 110592K, used 40612K [0x0000000745800000, 0x0000000800000000)
  region size 1024K, 4 young (4096K), 4 survivors (4096K)
 Metaspace       used 15809K, capacity 16180K, committed 16384K, reserved 1064960K
  class space    used 1553K, capacity 1692K, committed 1792K, reserved 1048576K
}
Event: 2.707 GC heap before
{Heap before GC invocations=40 (full 0):
 garbage-first heap   total 110592K, used 65188K [0x0000000745800000, 0x0000000800000000)
  region size 1024K, 29 young (29696K), 4 survivors (4096K)
 Metaspace       used 16051K, capacity 16389K, committed 16640K, reserved 1064960K
  class space    used 1560K, capacity 1696K, committed 1792K, reserved 1048576K
}
Event: 2.742 GC heap after
{Heap after GC invocations=41 (full 0):
 garbage-first heap   total 110592K, used 57344K [0x0000000745800000, 0x0000000800000000)
  region size 1024K, 4 young (4096K), 4 survivors (4096K)
 Metaspace       used 16051K, capacity 16389K, committed 16640K, reserved 1064960K
  class space    used 1560K, capacity 1696K, committed 1792K, reserved 1048576K
}
Event: 2.800 GC heap before
{Heap before GC invocations=41 (full 0):
 garbage-first heap   total 110592K, used 62464K [0x0000000745800000, 0x0000000800000000)
  region size 1024K, 10 young (10240K), 4 survivors (4096K)
 Metaspace       used 16116K, capacity 16397K, committed 16640K, reserved 1064960K
  class space    used 1560K, capacity 1696K, committed 1792K, reserved 1048576K
}
Event: 2.809 GC heap after
{Heap after GC invocations=42 (full 0):
 garbage-first heap   total 110592K, used 59271K [0x0000000745800000, 0x0000000800000000)
  region size 1024K, 2 young (2048K), 2 survivors (2048K)
 Metaspace       used 16116K, capacity 16397K, committed 16640K, reserved 1064960K
  class space    used 1560K, capacity 1696K, committed 1792K, reserved 1048576K
}
Event: 2.941 GC heap before
{Heap before GC invocations=43 (full 0):
 garbage-first heap   total 110592K, used 76679K [0x0000000745800000, 0x0000000800000000)
  region size 1024K, 17 young (17408K), 2 survivors (2048K)
 Metaspace       used 16183K, capacity 16466K, committed 16640K, reserved 1064960K
  class space    used 1560K, capacity 1696K, committed 1792K, reserved 1048576K
}

