# JRE version: OpenJDK Runtime Environment Microsoft-40648 (11.0.16.1+1) (build 11.0.16.1+1-LTS)
# Java VM: OpenJDK 64-Bit Server VM Microsoft-40648 (11.0.16.1+1-LTS, mixed mode, tiered, compressed oops, g1 gc, windows-amd64)
Heap:
 garbage-first heap   total 233472K, used 92160K [0x0000000745800000, 0x0000000800000000)
  region size 1024K, 32 young (32768K), 7 survivors (7168K)
 Metaspace       used 17900K, capacity 18216K, committed 18432K, reserved 1067008K
  class space    used 1658K, capacity 1785K, committed 1792K, reserved 1048576K
GC Heap History (20 events):
Event: 1.453 GC heap before
{Heap before GC invocations=25 (full 0):
 garbage-first heap   total 23552K, used 19673K [0x0000000745800000, 0x0000000800000000)
  region size 1024K, 2 young (2048K), 1 survivors (1024K)
 Metaspace       used 13770K, capacity 14068K, committed 14336K, reserved 1062912K
  class space    used 1409K, capacity 1503K, committed 1536K, reserved 1048576K
}
Event: 1.456 GC heap after
{Heap after GC invocations=26 (full 0):
 garbage-first heap   total 47104K, used 18818K [0x0000000745800000, 0x0000000800000000)
  region size 1024K, 1 young (1024K), 1 survivors (1024K)
 Metaspace       used 13770K, capacity 14068K, committed 14336K, reserved 1062912K
  class space    used 1409K, capacity 1503K, committed 1536K, reserved 1048576K
}
Event: 1.515 GC heap before
{Heap before GC invocations=27 (full 0):
 garbage-first heap   total 47104K, used 25986K [0x0000000745800000, 0x0000000800000000)
  region size 1024K, 9 young (9216K), 1 survivors (1024K)
 Metaspace       used 13770K, capacity 14068K, committed 14336K, reserved 1062912K
  class space    used 1409K, capacity 1503K, committed 1536K, reserved 1048576K
}
Event: 1.519 GC heap after
{Heap after GC invocations=28 (full 0):
 garbage-first heap   total 47104K, used 19280K [0x0000000745800000, 0x0000000800000000)
  region size 1024K, 2 young (2048K), 2 survivors (2048K)
 Metaspace       used 13770K, capacity 14068K, committed 14336K, reserved 1062912K
  class space    used 1409K, capacity 1503K, committed 1536K, reserved 1048576K
}
Event: 1.551 GC heap before
{Heap before GC invocations=29 (full 0):
 garbage-first heap   total 47104K, used 33616K [0x0000000745800000, 0x0000000800000000)
  region size 1024K, 3 young (3072K), 2 survivors (2048K)
 Metaspace       used 13770K, capacity 14068K, committed 14336K, reserved 1062912K
  class space    used 1409K, capacity 1503K, committed 1536K, reserved 1048576K
}
Event: 1.553 GC heap after
{Heap after GC invocations=30 (full 0):
 garbage-first heap   total 47104K, used 19714K [0x0000000745800000, 0x0000000800000000)
  region size 1024K, 1 young (1024K), 1 survivors (1024K)
 Metaspace       used 13770K, capacity 14068K, committed 14336K, reserved 1062912K
  class space    used 1409K, capacity 1503K, committed 1536K, reserved 1048576K
}
Event: 1.581 GC heap before
{Heap before GC invocations=31 (full 0):
 garbage-first heap   total 47104K, used 24834K [0x0000000745800000, 0x0000000800000000)
  region size 1024K, 5 young (5120K), 1 survivors (1024K)
 Metaspace       used 13774K, capacity 14068K, committed 14336K, reserved 1062912K
  class space    used 1409K, capacity 1503K, committed 1536K, reserved 1048576K
}
Event: 1.585 GC heap after
{Heap after GC invocations=32 (full 0):
 garbage-first heap   total 47104K, used 22731K [0x0000000745800000, 0x0000000800000000)
  region size 1024K, 2 young (2048K), 2 survivors (2048K)
 Metaspace       used 13774K, capacity 14068K, committed 14336K, reserved 1062912K
  class space    used 1409K, capacity 1503K, committed 1536K, reserved 1048576K
}
Event: 1.756 GC heap before
{Heap before GC invocations=33 (full 0):
 garbage-first heap   total 47104K, used 32971K [0x0000000745800000, 0x0000000800000000)
  region size 1024K, 10 young (10240K), 2 survivors (2048K)
 Metaspace       used 13862K, capacity 14133K, committed 14336K, reserved 1062912K
  class space    used 1409K, capacity 1503K, committed 1536K, reserved 1048576K
}
Event: 1.765 GC heap after
{Heap after GC invocations=34 (full 0):
 garbage-first heap   total 94208K, used 24282K [0x0000000745800000, 0x0000000800000000)
  region size 1024K, 2 young (2048K), 2 survivors (2048K)
 Metaspace       used 13862K, capacity 14133K, committed 14336K, reserved 1062912K
  class space    used 1409K, capacity 1503K, committed 1536K, reserved 1048576K
}
Event: 2.322 GC heap before
{Heap before GC invocations=34 (full 0):
 garbage-first heap   total 94208K, used 49882K [0x0000000745800000, 0x0000000800000000)
  region size 1024K, 25 young (25600K), 2 survivors (2048K)
 Metaspace       used 15302K, capacity 15607K, committed 15744K, reserved 1062912K
  class space    used 1515K, capacity 1610K, committed 1664K, reserved 1048576K
}
Event: 2.337 GC heap after
{Heap after GC invocations=35 (full 0):
 garbage-first heap   total 94208K, used 34430K [0x0000000745800000, 0x0000000800000000)
  region size 1024K, 4 young (4096K), 4 survivors (4096K)
 Metaspace       used 15302K, capacity 15607K, committed 15744K, reserved 1062912K
  class space    used 1515K, capacity 1610K, committed 1664K, reserved 1048576K
}
Event: 2.554 GC heap before
{Heap before GC invocations=35 (full 0):
 garbage-first heap   total 94208K, used 57982K [0x0000000745800000, 0x0000000800000000)
  region size 1024K, 27 young (27648K), 4 survivors (4096K)
 Metaspace       used 15835K, capacity 16127K, committed 16384K, reserved 1064960K
  class space    used 1556K, capacity 1696K, committed 1792K, reserved 1048576K
}
Event: 2.585 GC heap after
{Heap after GC invocations=36 (full 0):
 garbage-first heap   total 94208K, used 49544K [0x0000000745800000, 0x0000000800000000)
  region size 1024K, 4 young (4096K), 4 survivors (4096K)
 Metaspace       used 15835K, capacity 16127K, committed 16384K, reserved 1064960K
  class space    used 1556K, capacity 1696K, committed 1792K, reserved 1048576K
}
Event: 2.680 GC heap before
{Heap before GC invocations=36 (full 0):
 garbage-first heap   total 94208K, used 63880K [0x0000000745800000, 0x0000000800000000)
  region size 1024K, 18 young (18432K), 4 survivors (4096K)
 Metaspace       used 15971K, capacity 16322K, committed 16640K, reserved 1064960K
  class space    used 1560K, capacity 1696K, committed 1792K, reserved 1048576K
}
Event: 2.707 GC heap after
{Heap after GC invocations=37 (full 0):
 garbage-first heap   total 94208K, used 57856K [0x0000000745800000, 0x0000000800000000)
  region size 1024K, 3 young (3072K), 3 survivors (3072K)
 Metaspace       used 15971K, capacity 16322K, committed 16640K, reserved 1064960K
  class space    used 1560K, capacity 1696K, committed 1792K, reserved 1048576K
}
Event: 2.819 GC heap before
{Heap before GC invocations=38 (full 0):
 garbage-first heap   total 94208K, used 64000K [0x0000000745800000, 0x0000000800000000)
  region size 1024K, 10 young (10240K), 3 survivors (3072K)
 Metaspace       used 16090K, capacity 16396K, committed 16640K, reserved 1064960K
  class space    used 1560K, capacity 1696K, committed 1792K, reserved 1048576K
}
Event: 2.839 GC heap after
{Heap after GC invocations=39 (full 0):
 garbage-first heap   total 233472K, used 60050K [0x0000000745800000, 0x0000000800000000)
  region size 1024K, 2 young (2048K), 2 survivors (2048K)
 Metaspace       used 16090K, capacity 16396K, committed 16640K, reserved 1064960K
  class space    used 1560K, capacity 1696K, committed 1792K, reserved 1048576K
}
Event: 4.121 GC heap before
{Heap before GC invocations=40 (full 0):
 garbage-first heap   total 233472K, used 112274K [0x0000000745800000, 0x0000000800000000)
  region size 1024K, 51 young (52224K), 2 survivors (2048K)
 Metaspace       used 17621K, capacity 17957K, committed 18176K, reserved 1064960K
  class space    used 1657K, capacity 1785K, committed 1792K, reserved 1048576K
}
Event: 4.137 GC heap after
{Heap after GC invocations=41 (full 0):
 garbage-first heap   total 233472K, used 67584K [0x0000000745800000, 0x0000000800000000)
  region size 1024K, 7 young (7168K), 7 survivors (7168K)
 Metaspace       used 17621K, capacity 17957K, committed 18176K, reserved 1064960K
  class space    used 1657K, capacity 1785K, committed 1792K, reserved 1048576K
}

