# JRE version: OpenJDK Runtime Environment Microsoft-40648 (11.0.16.1+1) (build 11.0.16.1+1-LTS)
# Java VM: OpenJDK 64-Bit Server VM Microsoft-40648 (11.0.16.1+1-LTS, mixed mode, tiered, compressed oops, g1 gc, windows-amd64)
Heap:
 garbage-first heap   total 399360K, used 78286K [0x0000000745800000, 0x0000000800000000)
  region size 1024K, 7 young (7168K), 7 survivors (7168K)
 Metaspace       used 18248K, capacity 18545K, committed 18688K, reserved 1067008K
  class space    used 1657K, capacity 1785K, committed 1792K, reserved 1048576K
GC Heap History (20 events):
Event: 1.522 GC heap after
{Heap after GC invocations=32 (full 0):
 garbage-first heap   total 47104K, used 19392K [0x0000000745800000, 0x0000000800000000)
  region size 1024K, 1 young (1024K), 1 survivors (1024K)
 Metaspace       used 13778K, capacity 14068K, committed 14336K, reserved 1062912K
  class space    used 1408K, capacity 1503K, committed 1536K, reserved 1048576K
}
Event: 1.569 GC heap before
{Heap before GC invocations=33 (full 0):
 garbage-first heap   total 47104K, used 24512K [0x0000000745800000, 0x0000000800000000)
  region size 1024K, 5 young (5120K), 1 survivors (1024K)
 Metaspace       used 13781K, capacity 14068K, committed 14336K, reserved 1062912K
  class space    used 1408K, capacity 1503K, committed 1536K, reserved 1048576K
}
Event: 1.573 GC heap after
{Heap after GC invocations=34 (full 0):
 garbage-first heap   total 47104K, used 22410K [0x0000000745800000, 0x0000000800000000)
  region size 1024K, 2 young (2048K), 2 survivors (2048K)
 Metaspace       used 13781K, capacity 14068K, committed 14336K, reserved 1062912K
  class space    used 1408K, capacity 1503K, committed 1536K, reserved 1048576K
}
Event: 1.775 GC heap before
{Heap before GC invocations=35 (full 0):
 garbage-first heap   total 47104K, used 32650K [0x0000000745800000, 0x0000000800000000)
  region size 1024K, 10 young (10240K), 2 survivors (2048K)
 Metaspace       used 13874K, capacity 14197K, committed 14336K, reserved 1062912K
  class space    used 1408K, capacity 1503K, committed 1536K, reserved 1048576K
}
Event: 1.784 GC heap after
{Heap after GC invocations=36 (full 0):
 garbage-first heap   total 94208K, used 23939K [0x0000000745800000, 0x0000000800000000)
  region size 1024K, 2 young (2048K), 2 survivors (2048K)
 Metaspace       used 13874K, capacity 14197K, committed 14336K, reserved 1062912K
  class space    used 1408K, capacity 1503K, committed 1536K, reserved 1048576K
}
Event: 2.410 GC heap before
{Heap before GC invocations=36 (full 0):
 garbage-first heap   total 94208K, used 49539K [0x0000000745800000, 0x0000000800000000)
  region size 1024K, 25 young (25600K), 2 survivors (2048K)
 Metaspace       used 15292K, capacity 15607K, committed 15744K, reserved 1062912K
  class space    used 1514K, capacity 1610K, committed 1664K, reserved 1048576K
}
Event: 2.423 GC heap after
{Heap after GC invocations=37 (full 0):
 garbage-first heap   total 94208K, used 33953K [0x0000000745800000, 0x0000000800000000)
  region size 1024K, 4 young (4096K), 4 survivors (4096K)
 Metaspace       used 15292K, capacity 15607K, committed 15744K, reserved 1062912K
  class space    used 1514K, capacity 1610K, committed 1664K, reserved 1048576K
}
Event: 2.624 GC heap before
{Heap before GC invocations=37 (full 0):
 garbage-first heap   total 94208K, used 57505K [0x0000000745800000, 0x0000000800000000)
  region size 1024K, 27 young (27648K), 4 survivors (4096K)
 Metaspace       used 15832K, capacity 16191K, committed 16384K, reserved 1064960K
  class space    used 1555K, capacity 1696K, committed 1792K, reserved 1048576K
}
Event: 2.662 GC heap after
{Heap after GC invocations=38 (full 0):
 garbage-first heap   total 94208K, used 48921K [0x0000000745800000, 0x0000000800000000)
  region size 1024K, 4 young (4096K), 4 survivors (4096K)
 Metaspace       used 15832K, capacity 16191K, committed 16384K, reserved 1064960K
  class space    used 1555K, capacity 1696K, committed 1792K, reserved 1048576K
}
Event: 2.758 GC heap before
{Heap before GC invocations=38 (full 0):
 garbage-first heap   total 94208K, used 64281K [0x0000000745800000, 0x0000000800000000)
  region size 1024K, 19 young (19456K), 4 survivors (4096K)
 Metaspace       used 16018K, capacity 16323K, committed 16640K, reserved 1064960K
  class space    used 1559K, capacity 1696K, committed 1792K, reserved 1048576K
}
Event: 2.787 GC heap after
{Heap after GC invocations=39 (full 0):
 garbage-first heap   total 94208K, used 57856K [0x0000000745800000, 0x0000000800000000)
  region size 1024K, 3 young (3072K), 3 survivors (3072K)
 Metaspace       used 16018K, capacity 16323K, committed 16640K, reserved 1064960K
  class space    used 1559K, capacity 1696K, committed 1792K, reserved 1048576K
}
Event: 2.917 GC heap before
{Heap before GC invocations=40 (full 0):
 garbage-first heap   total 94208K, used 71168K [0x0000000745800000, 0x0000000800000000)
  region size 1024K, 14 young (14336K), 3 survivors (3072K)
 Metaspace       used 16114K, capacity 16461K, committed 16640K, reserved 1064960K
  class space    used 1559K, capacity 1696K, committed 1792K, reserved 1048576K
}
Event: 2.937 GC heap after
{Heap after GC invocations=41 (full 0):
 garbage-first heap   total 232448K, used 61440K [0x0000000745800000, 0x0000000800000000)
  region size 1024K, 2 young (2048K), 2 survivors (2048K)
 Metaspace       used 16114K, capacity 16461K, committed 16640K, reserved 1064960K
  class space    used 1559K, capacity 1696K, committed 1792K, reserved 1048576K
}
Event: 4.158 GC heap before
{Heap before GC invocations=41 (full 0):
 garbage-first heap   total 232448K, used 112640K [0x0000000745800000, 0x0000000800000000)
  region size 1024K, 52 young (53248K), 2 survivors (2048K)
 Metaspace       used 17699K, capacity 17957K, committed 18176K, reserved 1064960K
  class space    used 1655K, capacity 1785K, committed 1792K, reserved 1048576K
}
Event: 4.176 GC heap after
{Heap after GC invocations=42 (full 0):
 garbage-first heap   total 232448K, used 67783K [0x0000000745800000, 0x0000000800000000)
  region size 1024K, 7 young (7168K), 7 survivors (7168K)
 Metaspace       used 17699K, capacity 17957K, committed 18176K, reserved 1064960K
  class space    used 1655K, capacity 1785K, committed 1792K, reserved 1048576K
}
Event: 4.841 GC heap before
{Heap before GC invocations=42 (full 0):
 garbage-first heap   total 232448K, used 130247K [0x0000000745800000, 0x0000000800000000)
  region size 1024K, 68 young (69632K), 7 survivors (7168K)
 Metaspace       used 18056K, capacity 18344K, committed 18432K, reserved 1067008K
  class space    used 1657K, capacity 1785K, committed 1792K, reserved 1048576K
}
Event: 4.858 GC heap after
{Heap after GC invocations=43 (full 0):
 garbage-first heap   total 232448K, used 71724K [0x0000000745800000, 0x0000000800000000)
  region size 1024K, 4 young (4096K), 4 survivors (4096K)
 Metaspace       used 18056K, capacity 18344K, committed 18432K, reserved 1067008K
  class space    used 1657K, capacity 1785K, committed 1792K, reserved 1048576K
}
Event: 5.367 GC heap before
{Heap before GC invocations=43 (full 0):
 garbage-first heap   total 232448K, used 143404K [0x0000000745800000, 0x0000000800000000)
  region size 1024K, 74 young (75776K), 4 survivors (4096K)
 Metaspace       used 18186K, capacity 18481K, committed 18688K, reserved 1067008K
  class space    used 1657K, capacity 1785K, committed 1792K, reserved 1048576K
}
Event: 5.377 GC heap after
{Heap after GC invocations=44 (full 0):
 garbage-first heap   total 232448K, used 74705K [0x0000000745800000, 0x0000000800000000)
  region size 1024K, 7 young (7168K), 7 survivors (7168K)
 Metaspace       used 18186K, capacity 18481K, committed 18688K, reserved 1067008K
  class space    used 1657K, capacity 1785K, committed 1792K, reserved 1048576K
}
Event: 6.002 GC heap before
{Heap before GC invocations=44 (full 0):
 garbage-first heap   total 232448K, used 162769K [0x0000000745800000, 0x0000000800000000)
  region size 1024K, 93 young (95232K), 7 survivors (7168K)
 Metaspace       used 18248K, capacity 18545K, committed 18688K, reserved 1067008K
  class space    used 1657K, capacity 1785K, committed 1792K, reserved 1048576K
}

